<?xml version="1.0" encoding="UTF-8"?>
<!-- Generated by org.testng.reporters.JUnitReportReporter -->
<testsuite skipped="0" hostname="G1C2ML14141" name="com.FrameWork.Hybrid.executionclass.Test1" tests="1" failures="0" timestamp="20 Sep 2018 04:14:00 GMT" time="39.580" errors="0">
  <testcase name="functionality" time="39.580" classname="com.FrameWork.Hybrid.executionclass.Test1"/>
</testsuite> <!-- com.FrameWork.Hybrid.executionclass.Test1 -->
