<?xml version="1.0" encoding="UTF-8"?>
<!-- Generated by org.testng.reporters.JUnitReportReporter -->
<testsuite skipped="1" hostname="G1C2ML15500" name="com.FrameWork.Hybrid.executionclass.LoginFunctionality" tests="1" failures="0" timestamp="28 Aug 2018 09:11:05 GMT" time="0.000" errors="0">
  <testcase name="testCase" time="0.000" classname="com.FrameWork.Hybrid.executionclass.LoginFunctionality">
    <skipped/>
  </testcase> <!-- testCase -->
</testsuite> <!-- com.FrameWork.Hybrid.executionclass.LoginFunctionality -->
