<?xml version="1.0" encoding="UTF-8"?>
<!-- Generated by org.testng.reporters.JUnitReportReporter -->
<testsuite skipped="0" hostname="G1C2ML15500" name="com.FrameWork.Hybrid.executionclass.Test2" tests="2" failures="0" timestamp="29 Aug 2018 05:41:33 GMT" time="40.699" errors="0">
  <testcase name="hi" time="6.215" classname="com.FrameWork.Hybrid.executionclass.Test2"/>
  <testcase name="functionality" time="34.484" classname="com.FrameWork.Hybrid.executionclass.Test2"/>
</testsuite> <!-- com.FrameWork.Hybrid.executionclass.Test2 -->
